<?xml version="1.0" encoding="UTF-8"?>
<!-- Generated by org.testng.reporters.JUnitReportReporter -->
<testsuite hostname="DESKTOP-F4FS68I" failures="0" tests="1" name="MobileAppAutomation.POM.eCommerce_TC2" time="35.294" errors="0" timestamp="2024-06-12T18:27:32 IST" skipped="0">
  <testcase classname="MobileAppAutomation.POM.eCommerce_TC2" name="AddItemToCart" time="35.294"/>
</testsuite> <!-- MobileAppAutomation.POM.eCommerce_TC2 -->
